<?xml version="1.0" encoding="UTF-8"?>
<!-- Generated by org.testng.reporters.JUnitReportReporter -->
<testsuite skipped="0" hostname="DESKTOP-OTSD4BU" name="com.crm.sdet1.campaings.campandproductTest" tests="1" failures="0" timestamp="2022-08-11T16:55:58 IST" time="59.584" errors="0">
  <testcase name="campaingAndProduct" time="59.584" classname="com.crm.sdet1.campaings.campandproductTest"/>
  <system-out/>
</testsuite> <!-- com.crm.sdet1.campaings.campandproductTest -->
