<?xml version="1.0" encoding="UTF-8"?>
<!-- Generated by org.testng.reporters.JUnitReportReporter -->
<testsuite skipped="0" hostname="DESKTOP-OTSD4BU" name="com.crm.sdet1.product.productdeletTest" tests="1" failures="0" timestamp="2022-08-12T10:20:44 IST" time="134.603" errors="0">
  <testcase name="deletProducts" time="134.603" classname="com.crm.sdet1.product.productdeletTest"/>
  <system-out/>
</testsuite> <!-- com.crm.sdet1.product.productdeletTest -->
