<?xml version="1.0" encoding="UTF-8"?>
<!-- Generated by org.testng.reporters.JUnitReportReporter -->
<testsuite skipped="0" hostname="DESKTOP-OTSD4BU" name="com.crm.sdet1.campaings.campandproduct" tests="1" failures="0" timestamp="2022-08-11T13:51:19 IST" time="55.282" errors="0">
  <testcase name="campaingAndProduct" time="55.282" classname="com.crm.sdet1.campaings.campandproduct"/>
  <system-out/>
</testsuite> <!-- com.crm.sdet1.campaings.campandproduct -->
