<?xml version="1.0" encoding="UTF-8"?>
<!-- Generated by org.testng.reporters.JUnitReportReporter -->
<testsuite skipped="0" hostname="DESKTOP-OTSD4BU" name="com.crm.sdet1.product.createproduct" tests="1" failures="0" timestamp="2022-08-11T13:51:19 IST" time="47.893" errors="0">
  <testcase name="products" time="47.893" classname="com.crm.sdet1.product.createproduct"/>
  <system-out/>
</testsuite> <!-- com.crm.sdet1.product.createproduct -->
