<?xml version="1.0" encoding="UTF-8"?>
<!-- Generated by org.testng.reporters.JUnitReportReporter -->
<testsuite skipped="0" hostname="DESKTOP-OTSD4BU" name="com.crm.sdet1.product.productdelet" tests="1" failures="0" timestamp="2022-08-11T13:51:19 IST" time="53.989" errors="0">
  <testcase name="deletProducts" time="53.989" classname="com.crm.sdet1.product.productdelet"/>
  <system-out/>
</testsuite> <!-- com.crm.sdet1.product.productdelet -->
