<?xml version="1.0" encoding="UTF-8"?>
<!-- Generated by org.testng.reporters.JUnitReportReporter -->
<testsuite skipped="0" hostname="DESKTOP-OTSD4BU" name="practieshome.testng" tests="1" failures="0" timestamp="2022-08-08T13:10:32 IST" time="0.015" errors="0">
  <testcase name="modifyContact" time="0.015" classname="practieshome.testng"/>
  <system-out/>
</testsuite> <!-- practieshome.testng -->
