<?xml version="1.0" encoding="UTF-8"?>
<!-- Generated by org.testng.reporters.JUnitReportReporter -->
<testsuite skipped="0" hostname="DESKTOP-OTSD4BU" name="com.crm.sdet1.organization.createorganization" tests="1" failures="0" timestamp="2022-08-11T13:51:19 IST" time="59.552" errors="0">
  <testcase name="oraganization" time="59.552" classname="com.crm.sdet1.organization.createorganization"/>
  <system-out/>
</testsuite> <!-- com.crm.sdet1.organization.createorganization -->
