<?xml version="1.0" encoding="UTF-8"?>
<!-- Generated by org.testng.reporters.JUnitReportReporter -->
<testsuite skipped="0" hostname="DESKTOP-OTSD4BU" name="com.crm.sdet1.campaings.createcampaingsTest" tests="1" failures="0" timestamp="2022-08-12T10:23:36 IST" time="105.104" errors="0">
  <testcase name="campaings" time="105.104" classname="com.crm.sdet1.campaings.createcampaingsTest"/>
  <system-out/>
</testsuite> <!-- com.crm.sdet1.campaings.createcampaingsTest -->
