<?xml version="1.0" encoding="UTF-8"?>
<!-- Generated by org.testng.reporters.JUnitReportReporter -->
<testsuite skipped="0" hostname="DESKTOP-OTSD4BU" name="practieshome.testNgInvocationCount" tests="4" failures="0" timestamp="2022-08-03T13:23:28 IST" time="0.020" errors="0">
  <testcase name="modifyContact" time="0.002" classname="practieshome.testNgInvocationCount"/>
  <system-out/>
  <testcase name="createContact" time="0.012" classname="practieshome.testNgInvocationCount"/>
  <system-out/>
  <testcase name="deletContact" time="0.003" classname="practieshome.testNgInvocationCount"/>
  <system-out/>
  <testcase name="modifyContact" time="0.003" classname="practieshome.testNgInvocationCount"/>
  <system-out/>
</testsuite> <!-- practieshome.testNgInvocationCount -->
